Arguments: 
  /usr/local/bin/node /Users/yyyyjinying/.yarn/bin/yarn.js add tabpable

PATH: 
  /Users/yyyyjinying/.yarn/bin:/Users/yyyyjinying/.config/yarn/global/node_modules/.bin:/usr/local/bin:/usr/bin:/bin:/usr/sbin:/sbin:/Users/yyyyjinying/.yarn/bin:/Users/yyyyjinying/.config/yarn/global/node_modules/.bin:/usr/local/mysql/bin:/user/local/mysql/bin:/usr/local/mysql/bin:/user/local/mysql/bin

Yarn version: 
  1.22.4

Node version: 
  10.22.0

Platform: 
  darwin x64

Trace: 
  Error: https://registry.npm.taobao.org/tabpable: Not found
      at Request.params.callback [as _callback] (/Users/yyyyjinying/.yarn/lib/cli.js:66987:18)
      at Request.self.callback (/Users/yyyyjinying/.yarn/lib/cli.js:140748:22)
      at Request.emit (events.js:198:13)
      at Request.<anonymous> (/Users/yyyyjinying/.yarn/lib/cli.js:141720:10)
      at Request.emit (events.js:198:13)
      at IncomingMessage.<anonymous> (/Users/yyyyjinying/.yarn/lib/cli.js:141642:12)
      at Object.onceWrapper (events.js:286:20)
      at IncomingMessage.emit (events.js:203:15)
      at endReadableNT (_stream_readable.js:1145:12)
      at process._tickCallback (internal/process/next_tick.js:63:19)

npm manifest: 
  No manifest

yarn manifest: 
  No manifest

Lockfile: 
  No lockfile
